<component name="libraryTable">
  <library name="junit-4.11">
    <CLASSES>
      <root url="jar://$PROJECT_DIR$/../original (2)/jse-m4-win64/1.ferramentas/junit/junit-4.11.jar!/" />
      <root url="jar://$PROJECT_DIR$/../original (2)/jse-m4-win64/1.ferramentas/junit/hamcrest-core-1.3.jar!/" />
    </CLASSES>
    <JAVADOC />
    <SOURCES />
  </library>
</component>